# JRE version: Java(TM) SE Runtime Environment (17.0.7+8) (build 17.0.7+8-LTS-224)
# Java VM: Java HotSpot(TM) 64-Bit Server VM (17.0.7+8-LTS-224, mixed mode, sharing, tiered, compressed oops, compressed class ptrs, g1 gc, windows-amd64)
GC Precious Log:
 CPUs: 16 total, 16 available
 Memory: 16088M
 Large Page Support: Disabled
 NUMA Support: Disabled
 Compressed Oops: Enabled (32-bit)
 Heap Region Size: 1M
 Heap Min Capacity: 8M
 Heap Initial Capacity: 252M
 Heap Max Capacity: 2G
 Pre-touch: Disabled
 Parallel Workers: 13
 Concurrent Workers: 3
 Concurrent Refinement Workers: 13
 Periodic GC: Disabled
Heap:
 garbage-first heap   total 180224K, used 146063K [0x0000000080000000, 0x0000000100000000)
  region size 1024K, 2 young (2048K), 2 survivors (2048K)
 Metaspace       used 100348K, committed 101376K, reserved 512000K
  class space    used 13970K, committed 14464K, reserved 421888K
GC Heap History (20 events):
Event: 106.993 GC heap after
{Heap after GC invocations=47 (full 0):
 garbage-first heap   total 180224K, used 122067K [0x0000000080000000, 0x0000000100000000)
  region size 1024K, 3 young (3072K), 3 survivors (3072K)
 Metaspace       used 96445K, committed 97472K, reserved 512000K
  class space    used 13387K, committed 13888K, reserved 421888K
}
Event: 109.880 GC heap before
{Heap before GC invocations=47 (full 0):
 garbage-first heap   total 180224K, used 155859K [0x0000000080000000, 0x0000000100000000)
  region size 1024K, 36 young (36864K), 3 survivors (3072K)
 Metaspace       used 98322K, committed 99264K, reserved 512000K
  class space    used 13648K, committed 14144K, reserved 421888K
}
Event: 109.893 GC heap after
{Heap after GC invocations=48 (full 0):
 garbage-first heap   total 180224K, used 123559K [0x0000000080000000, 0x0000000100000000)
  region size 1024K, 4 young (4096K), 4 survivors (4096K)
 Metaspace       used 98322K, committed 99264K, reserved 512000K
  class space    used 13648K, committed 14144K, reserved 421888K
}
Event: 111.846 GC heap before
{Heap before GC invocations=48 (full 0):
 garbage-first heap   total 180224K, used 154279K [0x0000000080000000, 0x0000000100000000)
  region size 1024K, 35 young (35840K), 4 survivors (4096K)
 Metaspace       used 98753K, committed 99776K, reserved 512000K
  class space    used 13707K, committed 14208K, reserved 421888K
}
Event: 111.862 GC heap after
{Heap after GC invocations=49 (full 0):
 garbage-first heap   total 180224K, used 128465K [0x0000000080000000, 0x0000000100000000)
  region size 1024K, 5 young (5120K), 5 survivors (5120K)
 Metaspace       used 98753K, committed 99776K, reserved 512000K
  class space    used 13707K, committed 14208K, reserved 421888K
}
Event: 112.897 GC heap before
{Heap before GC invocations=49 (full 0):
 garbage-first heap   total 180224K, used 153041K [0x0000000080000000, 0x0000000100000000)
  region size 1024K, 30 young (30720K), 5 survivors (5120K)
 Metaspace       used 98986K, committed 99968K, reserved 512000K
  class space    used 13736K, committed 14208K, reserved 421888K
}
Event: 112.919 GC heap after
{Heap after GC invocations=50 (full 0):
 garbage-first heap   total 180224K, used 131947K [0x0000000080000000, 0x0000000100000000)
  region size 1024K, 4 young (4096K), 4 survivors (4096K)
 Metaspace       used 98986K, committed 99968K, reserved 512000K
  class space    used 13736K, committed 14208K, reserved 421888K
}
Event: 113.807 GC heap before
{Heap before GC invocations=50 (full 0):
 garbage-first heap   total 180224K, used 153451K [0x0000000080000000, 0x0000000100000000)
  region size 1024K, 25 young (25600K), 4 survivors (4096K)
 Metaspace       used 99456K, committed 100480K, reserved 512000K
  class space    used 13808K, committed 14272K, reserved 421888K
}
Event: 113.817 GC heap after
{Heap after GC invocations=51 (full 0):
 garbage-first heap   total 180224K, used 135353K [0x0000000080000000, 0x0000000100000000)
  region size 1024K, 4 young (4096K), 4 survivors (4096K)
 Metaspace       used 99456K, committed 100480K, reserved 512000K
  class space    used 13808K, committed 14272K, reserved 421888K
}
Event: 114.830 GC heap before
{Heap before GC invocations=51 (full 0):
 garbage-first heap   total 180224K, used 152761K [0x0000000080000000, 0x0000000100000000)
  region size 1024K, 21 young (21504K), 4 survivors (4096K)
 Metaspace       used 100235K, committed 101248K, reserved 512000K
  class space    used 13964K, committed 14464K, reserved 421888K
}
Event: 114.841 GC heap after
{Heap after GC invocations=52 (full 0):
 garbage-first heap   total 180224K, used 137325K [0x0000000080000000, 0x0000000100000000)
  region size 1024K, 2 young (2048K), 2 survivors (2048K)
 Metaspace       used 100235K, committed 101248K, reserved 512000K
  class space    used 13964K, committed 14464K, reserved 421888K
}
Event: 115.866 GC heap before
{Heap before GC invocations=52 (full 0):
 garbage-first heap   total 180224K, used 152685K [0x0000000080000000, 0x0000000100000000)
  region size 1024K, 18 young (18432K), 2 survivors (2048K)
 Metaspace       used 100340K, committed 101376K, reserved 512000K
  class space    used 13969K, committed 14464K, reserved 421888K
}
Event: 115.877 GC heap after
{Heap after GC invocations=53 (full 0):
 garbage-first heap   total 180224K, used 141208K [0x0000000080000000, 0x0000000100000000)
  region size 1024K, 3 young (3072K), 3 survivors (3072K)
 Metaspace       used 100340K, committed 101376K, reserved 512000K
  class space    used 13969K, committed 14464K, reserved 421888K
}
Event: 116.193 GC heap before
{Heap before GC invocations=53 (full 0):
 garbage-first heap   total 180224K, used 153496K [0x0000000080000000, 0x0000000100000000)
  region size 1024K, 16 young (16384K), 3 survivors (3072K)
 Metaspace       used 100343K, committed 101376K, reserved 512000K
  class space    used 13969K, committed 14464K, reserved 421888K
}
Event: 116.205 GC heap after
{Heap after GC invocations=54 (full 0):
 garbage-first heap   total 180224K, used 142623K [0x0000000080000000, 0x0000000100000000)
  region size 1024K, 2 young (2048K), 2 survivors (2048K)
 Metaspace       used 100343K, committed 101376K, reserved 512000K
  class space    used 13969K, committed 14464K, reserved 421888K
}
Event: 116.334 GC heap before
{Heap before GC invocations=54 (full 0):
 garbage-first heap   total 180224K, used 152863K [0x0000000080000000, 0x0000000100000000)
  region size 1024K, 13 young (13312K), 2 survivors (2048K)
 Metaspace       used 100348K, committed 101376K, reserved 512000K
  class space    used 13970K, committed 14464K, reserved 421888K
}
Event: 116.343 GC heap after
{Heap after GC invocations=55 (full 0):
 garbage-first heap   total 180224K, used 143934K [0x0000000080000000, 0x0000000100000000)
  region size 1024K, 2 young (2048K), 2 survivors (2048K)
 Metaspace       used 100348K, committed 101376K, reserved 512000K
  class space    used 13970K, committed 14464K, reserved 421888K
}
Event: 116.559 GC heap before
{Heap before GC invocations=55 (full 0):
 garbage-first heap   total 180224K, used 153150K [0x0000000080000000, 0x0000000100000000)
  region size 1024K, 12 young (12288K), 2 survivors (2048K)
 Metaspace       used 100348K, committed 101376K, reserved 512000K
  class space    used 13970K, committed 14464K, reserved 421888K
}
Event: 116.569 GC heap after
{Heap after GC invocations=56 (full 0):
 garbage-first heap   total 180224K, used 145141K [0x0000000080000000, 0x0000000100000000)
  region size 1024K, 2 young (2048K), 2 survivors (2048K)
 Metaspace       used 100348K, committed 101376K, reserved 512000K
  class space    used 13970K, committed 14464K, reserved 421888K
}
Event: 116.730 GC heap before
{Heap before GC invocations=56 (full 0):
 garbage-first heap   total 180224K, used 153333K [0x0000000080000000, 0x0000000100000000)
  region size 1024K, 11 young (11264K), 2 survivors (2048K)
 Metaspace       used 100348K, committed 101376K, reserved 512000K
  class space    used 13970K, committed 14464K, reserved 421888K
}

